{
  "stats": {
    "suites": 1,
    "tests": 1,
    "passes": 0,
    "pending": 0,
    "failures": 1,
    "start": "2022-09-02T09:01:52.009Z",
    "end": "2022-09-02T09:01:56.841Z",
    "duration": 4832,
    "testsRegistered": 1,
    "passPercent": 0,
    "pendingPercent": 0,
    "other": 0,
    "hasOther": false,
    "skipped": 0,
    "hasSkipped": false
  },
  "results": [
    {
      "uuid": "6b9d7ccc-8a41-4e6f-a632-3f018306b453",
      "title": "",
      "fullFile": "cypress/integration/successfulLogin.spec.js",
      "file": "cypress/integration/successfulLogin.spec.js",
      "beforeHooks": [],
      "afterHooks": [],
      "tests": [],
      "suites": [
        {
          "uuid": "d5437369-d248-4711-95fd-ec9b13f74c58",
          "title": "successful login",
          "fullFile": "",
          "file": "",
          "beforeHooks": [],
          "afterHooks": [],
          "tests": [
            {
              "title": "should log in successfully",
              "fullTitle": "successful login should log in successfully",
              "timedOut": null,
              "duration": 4791,
              "state": "failed",
              "speed": null,
              "pass": false,
              "fail": true,
              "pending": false,
              "context": null,
              "code": "loginPage.visit();\nloginPage.logIn();\nloginPage.checkSuccessfulLogin();",
              "err": {
                "message": "AssertionError: Timed out retrying after 4000ms: Expected not to find content: 'AQA internship Login' but continuously found it.",
                "estack": "AssertionError: Timed out retrying after 4000ms: Expected not to find content: 'AQA internship Login' but continuously found it.\n    at LoginPage.eval [as checkSuccessfulLogin] (https://www.pecodesoftware.com/__cypress/tests?p=cypress\\integration\\successfulLogin.spec.js:206:107)\n    at Context.eval (https://www.pecodesoftware.com/__cypress/tests?p=cypress\\integration\\successfulLogin.spec.js:154:15)",
                "diff": null
              },
              "uuid": "b9b84d1f-2cbf-445d-8ad4-6865e6807497",
              "parentUUID": "d5437369-d248-4711-95fd-ec9b13f74c58",
              "isHook": false,
              "skipped": false
            }
          ],
          "suites": [],
          "passes": [],
          "failures": [
            "b9b84d1f-2cbf-445d-8ad4-6865e6807497"
          ],
          "pending": [],
          "skipped": [],
          "duration": 4791,
          "root": false,
          "rootEmpty": false,
          "_timeout": 2000
        }
      ],
      "passes": [],
      "failures": [],
      "pending": [],
      "skipped": [],
      "duration": 0,
      "root": true,
      "rootEmpty": true,
      "_timeout": 2000
    }
  ],
  "meta": {
    "mocha": {
      "version": "7.0.1"
    },
    "mochawesome": {
      "options": {
        "quiet": false,
        "reportFilename": "mochawesome",
        "saveHtml": false,
        "saveJson": true,
        "consoleReporter": "spec",
        "useInlineDiffs": false,
        "code": true
      },
      "version": "7.1.3"
    },
    "marge": {
      "options": {
        "id": "default",
        "reportDir": "cypress/reports/mocha",
        "quite": true,
        "overwrite": false,
        "html": false,
        "json": true
      },
      "version": "6.2.0"
    }
  }
}