{
  "stats": {
    "suites": 2,
    "tests": 5,
    "passes": 4,
    "pending": 0,
    "failures": 1,
    "start": "2022-09-02T09:01:48.078Z",
    "end": "2022-09-02T09:01:56.841Z",
    "duration": 6548,
    "testsRegistered": 5,
    "passPercent": 80,
    "pendingPercent": 0,
    "other": 0,
    "hasOther": false,
    "skipped": 0,
    "hasSkipped": false
  },
  "results": [
    {
      "uuid": "6b9d7ccc-8a41-4e6f-a632-3f018306b453",
      "title": "",
      "fullFile": "cypress/integration/successfulLogin.spec.js",
      "file": "cypress/integration/successfulLogin.spec.js",
      "beforeHooks": [],
      "afterHooks": [],
      "tests": [],
      "suites": [
        {
          "uuid": "d5437369-d248-4711-95fd-ec9b13f74c58",
          "title": "successful login",
          "fullFile": "",
          "file": "",
          "beforeHooks": [],
          "afterHooks": [],
          "tests": [
            {
              "title": "should log in successfully",
              "fullTitle": "successful login should log in successfully",
              "timedOut": null,
              "duration": 4791,
              "state": "failed",
              "speed": null,
              "pass": false,
              "fail": true,
              "pending": false,
              "context": null,
              "code": "loginPage.visit();\nloginPage.logIn();\nloginPage.checkSuccessfulLogin();",
              "err": {
                "message": "AssertionError: Timed out retrying after 4000ms: Expected not to find content: 'AQA internship Login' but continuously found it.",
                "estack": "AssertionError: Timed out retrying after 4000ms: Expected not to find content: 'AQA internship Login' but continuously found it.\n    at LoginPage.eval [as checkSuccessfulLogin] (https://www.pecodesoftware.com/__cypress/tests?p=cypress\\integration\\successfulLogin.spec.js:206:107)\n    at Context.eval (https://www.pecodesoftware.com/__cypress/tests?p=cypress\\integration\\successfulLogin.spec.js:154:15)",
                "diff": null
              },
              "uuid": "b9b84d1f-2cbf-445d-8ad4-6865e6807497",
              "parentUUID": "d5437369-d248-4711-95fd-ec9b13f74c58",
              "isHook": false,
              "skipped": false
            }
          ],
          "suites": [],
          "passes": [],
          "failures": [
            "b9b84d1f-2cbf-445d-8ad4-6865e6807497"
          ],
          "pending": [],
          "skipped": [],
          "duration": 4791,
          "root": false,
          "rootEmpty": false,
          "_timeout": 2000
        }
      ],
      "passes": [],
      "failures": [],
      "pending": [],
      "skipped": [],
      "duration": 0,
      "root": true,
      "rootEmpty": true,
      "_timeout": 2000
    },
    {
      "uuid": "2e52828f-b5fe-4dfb-9c49-9885de5f7232",
      "title": "",
      "fullFile": "cypress/integration/errorChecking.spec.js",
      "file": "cypress/integration/errorChecking.spec.js",
      "beforeHooks": [],
      "afterHooks": [],
      "tests": [],
      "suites": [
        {
          "uuid": "a6f73d74-241c-40c7-a7f5-267ca9f32ac8",
          "title": "error checking",
          "fullFile": "",
          "file": "",
          "beforeHooks": [],
          "afterHooks": [],
          "tests": [
            {
              "title": "should check all elements for presence",
              "fullTitle": "error checking should check all elements for presence",
              "timedOut": null,
              "duration": 709,
              "state": "passed",
              "speed": "fast",
              "pass": true,
              "fail": false,
              "pending": false,
              "context": null,
              "code": "loginPage.visit();\nloginPage.checkUsernameInputForPresence();\nloginPage.checkPasswordInputForPresence();\nloginPage.checkSubmitBtnForPresence();",
              "err": {},
              "uuid": "832589e0-e834-4ae8-8deb-33b63631f32e",
              "parentUUID": "a6f73d74-241c-40c7-a7f5-267ca9f32ac8",
              "isHook": false,
              "skipped": false
            },
            {
              "title": "should check empty username error message",
              "fullTitle": "error checking should check empty username error message",
              "timedOut": null,
              "duration": 388,
              "state": "passed",
              "speed": "fast",
              "pass": true,
              "fail": false,
              "pending": false,
              "context": null,
              "code": "loginPage.fillPassword().submit();\nloginPage.checkEmptyUsernameError();",
              "err": {},
              "uuid": "6ba19745-fa9d-468b-bafe-d6a8ed5a2f1d",
              "parentUUID": "a6f73d74-241c-40c7-a7f5-267ca9f32ac8",
              "isHook": false,
              "skipped": false
            },
            {
              "title": "should check empty password error message",
              "fullTitle": "error checking should check empty password error message",
              "timedOut": null,
              "duration": 290,
              "state": "passed",
              "speed": "fast",
              "pass": true,
              "fail": false,
              "pending": false,
              "context": null,
              "code": "loginPage.fillUsername().submit();\nloginPage.checkEmptyPasswordError();",
              "err": {},
              "uuid": "bcaaa755-35ab-4386-8a36-a0ca0b55a0b0",
              "parentUUID": "a6f73d74-241c-40c7-a7f5-267ca9f32ac8",
              "isHook": false,
              "skipped": false
            },
            {
              "title": "should check unsuccessful login error message",
              "fullTitle": "error checking should check unsuccessful login error message",
              "timedOut": null,
              "duration": 370,
              "state": "passed",
              "speed": "fast",
              "pass": true,
              "fail": false,
              "pending": false,
              "context": null,
              "code": "loginPage.fillPassword().submit();\nloginPage.checkNoAccountError();",
              "err": {},
              "uuid": "b62d84f1-c137-41ec-bc9d-58508ff89da4",
              "parentUUID": "a6f73d74-241c-40c7-a7f5-267ca9f32ac8",
              "isHook": false,
              "skipped": false
            }
          ],
          "suites": [],
          "passes": [
            "832589e0-e834-4ae8-8deb-33b63631f32e",
            "6ba19745-fa9d-468b-bafe-d6a8ed5a2f1d",
            "bcaaa755-35ab-4386-8a36-a0ca0b55a0b0",
            "b62d84f1-c137-41ec-bc9d-58508ff89da4"
          ],
          "failures": [],
          "pending": [],
          "skipped": [],
          "duration": 1757,
          "root": false,
          "rootEmpty": false,
          "_timeout": 2000
        }
      ],
      "passes": [],
      "failures": [],
      "pending": [],
      "skipped": [],
      "duration": 0,
      "root": true,
      "rootEmpty": true,
      "_timeout": 2000
    }
  ],
  "meta": {
    "mocha": {
      "version": "7.0.1"
    },
    "mochawesome": {
      "options": {
        "quiet": false,
        "reportFilename": "mochawesome",
        "saveHtml": false,
        "saveJson": true,
        "consoleReporter": "spec",
        "useInlineDiffs": false,
        "code": true
      },
      "version": "7.1.3"
    },
    "marge": {
      "options": {
        "id": "default",
        "reportDir": "cypress/reports/mocha",
        "quite": true,
        "overwrite": false,
        "html": false,
        "json": true
      },
      "version": "6.2.0"
    }
  }
}